{
  "numTotalTestSuites": 12,
  "numPassedTestSuites": 12,
  "numFailedTestSuites": 0,
  "numPendingTestSuites": 0,
  "numTotalTests": 21,
  "numPassedTests": 21,
  "numFailedTests": 0,
  "numPendingTests": 0,
  "numTodoTests": 0,
  "snapshot": {
    "added": 0,
    "failure": false,
    "filesAdded": 0,
    "filesRemoved": 0,
    "filesRemovedList": [],
    "filesUnmatched": 0,
    "filesUpdated": 0,
    "matched": 0,
    "total": 0,
    "unchecked": 0,
    "uncheckedKeysByFile": [],
    "unmatched": 0,
    "updated": 0,
    "didUpdate": false
  },
  "startTime": 1770131357037,
  "success": true,
  "testResults": [
    {
      "assertionResults": [
        {
          "ancestorTitles": [
            "Tasks Page - Advanced Coverage",
            "Page Layout and Rendering"
          ],
          "fullName": "Tasks Page - Advanced Coverage Page Layout and Rendering should render the page component",
          "status": "passed",
          "title": "should render the page component",
          "duration": 16.777084000000002,
          "failureMessages": [],
          "meta": {}
        },
        {
          "ancestorTitles": [
            "Tasks Page - Advanced Coverage",
            "Page Layout and Rendering"
          ],
          "fullName": "Tasks Page - Advanced Coverage Page Layout and Rendering should have data-testid attributes on filters",
          "status": "passed",
          "title": "should have data-testid attributes on filters",
          "duration": 3.50408299999998,
          "failureMessages": [],
          "meta": {}
        },
        {
          "ancestorTitles": [
            "Tasks Page - Advanced Coverage",
            "Page Layout and Rendering"
          ],
          "fullName": "Tasks Page - Advanced Coverage Page Layout and Rendering should render task items when data is present",
          "status": "passed",
          "title": "should render task items when data is present",
          "duration": 2.4626670000000104,
          "failureMessages": [],
          "meta": {}
        },
        {
          "ancestorTitles": [
            "Tasks Page - Advanced Coverage",
            "Page Layout and Rendering"
          ],
          "fullName": "Tasks Page - Advanced Coverage Page Layout and Rendering should have h1 header element",
          "status": "passed",
          "title": "should have h1 header element",
          "duration": 2.456291999999962,
          "failureMessages": [],
          "meta": {}
        },
        {
          "ancestorTitles": [
            "Tasks Page - Advanced Coverage",
            "Component Structure"
          ],
          "fullName": "Tasks Page - Advanced Coverage Component Structure should render the main container div",
          "status": "passed",
          "title": "should render the main container div",
          "duration": 3.9410839999999894,
          "failureMessages": [],
          "meta": {}
        },
        {
          "ancestorTitles": [
            "Tasks Page - Advanced Coverage",
            "Component Structure"
          ],
          "fullName": "Tasks Page - Advanced Coverage Component Structure should have loading skeleton structure",
          "status": "passed",
          "title": "should have loading skeleton structure",
          "duration": 2.170000000000016,
          "failureMessages": [],
          "meta": {}
        },
        {
          "ancestorTitles": [
            "Tasks Page - Advanced Coverage",
            "Filter Elements"
          ],
          "fullName": "Tasks Page - Advanced Coverage Filter Elements status filter select should exist",
          "status": "passed",
          "title": "status filter select should exist",
          "duration": 2.0219169999999735,
          "failureMessages": [],
          "meta": {}
        },
        {
          "ancestorTitles": [
            "Tasks Page - Advanced Coverage",
            "Filter Elements"
          ],
          "fullName": "Tasks Page - Advanced Coverage Filter Elements urgency filter select should exist",
          "status": "passed",
          "title": "urgency filter select should exist",
          "duration": 1.9847500000000196,
          "failureMessages": [],
          "meta": {}
        },
        {
          "ancestorTitles": [
            "Tasks Page - Advanced Coverage",
            "LocalStorage Integration"
          ],
          "fullName": "Tasks Page - Advanced Coverage LocalStorage Integration should load filters from localStorage on mount",
          "status": "passed",
          "title": "should load filters from localStorage on mount",
          "duration": 2.642333000000008,
          "failureMessages": [],
          "meta": {}
        },
        {
          "ancestorTitles": [
            "Tasks Page - Advanced Coverage",
            "LocalStorage Integration"
          ],
          "fullName": "Tasks Page - Advanced Coverage LocalStorage Integration should save filters to localStorage",
          "status": "passed",
          "title": "should save filters to localStorage",
          "duration": 3.9500830000000065,
          "failureMessages": [],
          "meta": {}
        },
        {
          "ancestorTitles": [
            "Tasks Page - Advanced Coverage",
            "Empty and Loading States"
          ],
          "fullName": "Tasks Page - Advanced Coverage Empty and Loading States should render without errors on mount",
          "status": "passed",
          "title": "should render without errors on mount",
          "duration": 2.07650000000001,
          "failureMessages": [],
          "meta": {}
        },
        {
          "ancestorTitles": [
            "Tasks Page - Advanced Coverage",
            "Empty and Loading States"
          ],
          "fullName": "Tasks Page - Advanced Coverage Empty and Loading States should contain main element",
          "status": "passed",
          "title": "should contain main element",
          "duration": 2.055749999999989,
          "failureMessages": [],
          "meta": {}
        },
        {
          "ancestorTitles": ["Tasks Page - Advanced Coverage", "Task Items"],
          "fullName": "Tasks Page - Advanced Coverage Task Items should have task-item data attributes available",
          "status": "passed",
          "title": "should have task-item data attributes available",
          "duration": 1.8561669999999708,
          "failureMessages": [],
          "meta": {}
        },
        {
          "ancestorTitles": [
            "Tasks Page - Advanced Coverage",
            "Component Methods and Data"
          ],
          "fullName": "Tasks Page - Advanced Coverage Component Methods and Data should have access to component instance",
          "status": "passed",
          "title": "should have access to component instance",
          "duration": 1.721917000000019,
          "failureMessages": [],
          "meta": {}
        },
        {
          "ancestorTitles": [
            "Tasks Page - Advanced Coverage",
            "Component Methods and Data"
          ],
          "fullName": "Tasks Page - Advanced Coverage Component Methods and Data should handle template correctly",
          "status": "passed",
          "title": "should handle template correctly",
          "duration": 7.530292000000031,
          "failureMessages": [],
          "meta": {}
        },
        {
          "ancestorTitles": [
            "Tasks Page - Advanced Coverage",
            "Page Title and Headers"
          ],
          "fullName": "Tasks Page - Advanced Coverage Page Title and Headers should render page structure",
          "status": "passed",
          "title": "should render page structure",
          "duration": 2.1253340000000094,
          "failureMessages": [],
          "meta": {}
        },
        {
          "ancestorTitles": [
            "Tasks Page - Advanced Coverage",
            "Accessibility - Data Attributes"
          ],
          "fullName": "Tasks Page - Advanced Coverage Accessibility - Data Attributes should include data-testid for status filter",
          "status": "passed",
          "title": "should include data-testid for status filter",
          "duration": 3.138582999999983,
          "failureMessages": [],
          "meta": {}
        },
        {
          "ancestorTitles": [
            "Tasks Page - Advanced Coverage",
            "Accessibility - Data Attributes"
          ],
          "fullName": "Tasks Page - Advanced Coverage Accessibility - Data Attributes should include data-testid for urgency filter",
          "status": "passed",
          "title": "should include data-testid for urgency filter",
          "duration": 2.663417000000038,
          "failureMessages": [],
          "meta": {}
        },
        {
          "ancestorTitles": [
            "Tasks Page - Advanced Coverage",
            "Accessibility - Data Attributes"
          ],
          "fullName": "Tasks Page - Advanced Coverage Accessibility - Data Attributes should include data-testid for task items",
          "status": "passed",
          "title": "should include data-testid for task items",
          "duration": 3.314042000000029,
          "failureMessages": [],
          "meta": {}
        },
        {
          "ancestorTitles": [
            "Tasks Page - Advanced Coverage",
            "Component Initialization"
          ],
          "fullName": "Tasks Page - Advanced Coverage Component Initialization should initialize with Pinia store",
          "status": "passed",
          "title": "should initialize with Pinia store",
          "duration": 1.5273750000000064,
          "failureMessages": [],
          "meta": {}
        },
        {
          "ancestorTitles": [
            "Tasks Page - Advanced Coverage",
            "Component Initialization"
          ],
          "fullName": "Tasks Page - Advanced Coverage Component Initialization should have nextTick available for async operations",
          "status": "passed",
          "title": "should have nextTick available for async operations",
          "duration": 1.9850000000000136,
          "failureMessages": [],
          "meta": {}
        }
      ],
      "startTime": 1770131357413,
      "endTime": 1770131357484.985,
      "status": "passed",
      "message": "",
      "name": "/Users/chrisandrikanich/Documents/Workspaces/Personal/TheRecruitingCompass/recruiting-compass-web/tests/unit/pages/tasks-index-advanced.spec.ts"
    }
  ],
  "coverageMap": {
    "/Users/chrisandrikanich/Documents/Workspaces/Personal/TheRecruitingCompass/recruiting-compass-web/composables/useAuthFetch.ts": {
      "path": "/Users/chrisandrikanich/Documents/Workspaces/Personal/TheRecruitingCompass/recruiting-compass-web/composables/useAuthFetch.ts",
      "statementMap": {
        "0": {
          "start": { "line": 8, "column": 28 },
          "end": { "line": 42, "column": null }
        },
        "1": {
          "start": { "line": 12, "column": 21 },
          "end": { "line": 37, "column": null }
        },
        "2": {
          "start": { "line": 16, "column": 4 },
          "end": { "line": 36, "column": null }
        },
        "3": {
          "start": { "line": 17, "column": 12 },
          "end": { "line": 17, "column": null }
        },
        "4": {
          "start": { "line": 20, "column": 10 },
          "end": { "line": 20, "column": null }
        },
        "5": {
          "start": { "line": 23, "column": 23 },
          "end": { "line": 23, "column": null }
        },
        "6": {
          "start": { "line": 24, "column": 6 },
          "end": { "line": 26, "column": null }
        },
        "7": {
          "start": { "line": 25, "column": 8 },
          "end": { "line": 25, "column": null }
        },
        "8": {
          "start": { "line": 29, "column": 6 },
          "end": { "line": 32, "column": null }
        },
        "9": {
          "start": { "line": 34, "column": 6 },
          "end": { "line": 34, "column": null }
        },
        "10": {
          "start": { "line": 35, "column": 6 },
          "end": { "line": 35, "column": null }
        },
        "11": {
          "start": { "line": 39, "column": 2 },
          "end": { "line": 41, "column": null }
        }
      },
      "fnMap": {
        "0": {
          "name": "(anonymous_0)",
          "decl": {
            "start": { "line": 8, "column": 28 },
            "end": { "line": 8, "column": 34 }
          },
          "loc": {
            "start": { "line": 8, "column": 34 },
            "end": { "line": 42, "column": null }
          },
          "line": 8
        },
        "1": {
          "name": "(anonymous_1)",
          "decl": {
            "start": { "line": 12, "column": 21 },
            "end": { "line": 12, "column": null }
          },
          "loc": {
            "start": { "line": 15, "column": 25 },
            "end": { "line": 37, "column": null }
          },
          "line": 15
        }
      },
      "branchMap": {
        "0": {
          "loc": {
            "start": { "line": 23, "column": 23 },
            "end": { "line": 23, "column": null }
          },
          "type": "binary-expr",
          "locations": [
            {
              "start": { "line": 23, "column": 23 },
              "end": { "line": 23, "column": 43 }
            },
            {
              "start": { "line": 23, "column": 43 },
              "end": { "line": 23, "column": null }
            }
          ],
          "line": 23
        },
        "1": {
          "loc": {
            "start": { "line": 24, "column": 6 },
            "end": { "line": 26, "column": null }
          },
          "type": "if",
          "locations": [
            {
              "start": { "line": 24, "column": 6 },
              "end": { "line": 26, "column": null }
            },
            { "start": {}, "end": {} }
          ],
          "line": 24
        }
      },
      "s": {
        "0": 1,
        "1": 42,
        "2": 42,
        "3": 42,
        "4": 42,
        "5": 42,
        "6": 42,
        "7": 0,
        "8": 0,
        "9": 42,
        "10": 42,
        "11": 42
      },
      "f": { "0": 42, "1": 42 },
      "b": { "0": [42, 0], "1": [0, 42] },
      "meta": {
        "lastBranch": 2,
        "lastFunction": 2,
        "lastStatement": 12,
        "seen": {
          "s:8:28:42:Infinity": 0,
          "f:8:28:8:34": 0,
          "s:12:21:37:Infinity": 1,
          "f:12:21:12:Infinity": 1,
          "s:16:4:36:Infinity": 2,
          "s:17:12:17:Infinity": 3,
          "s:20:10:20:Infinity": 4,
          "s:23:23:23:Infinity": 5,
          "b:23:23:23:43:23:43:23:Infinity": 0,
          "b:24:6:26:Infinity:undefined:undefined:undefined:undefined": 1,
          "s:24:6:26:Infinity": 6,
          "s:25:8:25:Infinity": 7,
          "s:29:6:32:Infinity": 8,
          "s:34:6:34:Infinity": 9,
          "s:35:6:35:Infinity": 10,
          "s:39:2:41:Infinity": 11
        }
      }
    },
    "/Users/chrisandrikanich/Documents/Workspaces/Personal/TheRecruitingCompass/recruiting-compass-web/components/Parent/AthleteSwitcher.vue": {
      "path": "/Users/chrisandrikanich/Documents/Workspaces/Personal/TheRecruitingCompass/recruiting-compass-web/components/Parent/AthleteSwitcher.vue",
      "statementMap": {
        "0": {
          "start": { "line": 18, "column": 14 },
          "end": { "line": 18, "column": null }
        },
        "1": {
          "start": { "line": 21, "column": 6 },
          "end": { "line": 23, "column": null }
        },
        "2": {
          "start": { "line": 22, "column": 2 },
          "end": { "line": 22, "column": null }
        },
        "3": {
          "start": { "line": 25, "column": 6 },
          "end": { "line": 30, "column": null }
        },
        "4": {
          "start": { "line": 26, "column": 18 },
          "end": { "line": 28, "column": null }
        },
        "5": {
          "start": { "line": 27, "column": 11 },
          "end": { "line": 27, "column": null }
        },
        "6": {
          "start": { "line": 29, "column": 2 },
          "end": { "line": 29, "column": null }
        },
        "7": {
          "start": { "line": 32, "column": 28 },
          "end": { "line": 43, "column": null }
        },
        "8": {
          "start": { "line": 33, "column": 2 },
          "end": { "line": 42, "column": null }
        },
        "9": {
          "start": { "line": 35, "column": 16 },
          "end": { "line": 35, "column": null }
        },
        "10": {
          "start": { "line": 36, "column": 4 },
          "end": { "line": 36, "column": null }
        },
        "11": {
          "start": { "line": 37, "column": 4 },
          "end": { "line": 37, "column": null }
        },
        "12": {
          "start": { "line": 40, "column": 17 },
          "end": { "line": 40, "column": null }
        },
        "13": {
          "start": { "line": 41, "column": 4 },
          "end": { "line": 41, "column": null }
        },
        "14": {
          "start": { "line": 47, "column": 13 },
          "end": { "line": 66, "column": null }
        },
        "15": {
          "start": { "line": 57, "column": 15 },
          "end": { "line": 57, "column": null }
        },
        "16": {
          "start": { "line": 61, "column": 6 },
          "end": { "line": 66, "column": null }
        }
      },
      "fnMap": {
        "0": {
          "name": "(anonymous_0)",
          "decl": {
            "start": { "line": 21, "column": 37 },
            "end": { "line": 21, "column": 43 }
          },
          "loc": {
            "start": { "line": 21, "column": 43 },
            "end": { "line": 23, "column": 1 }
          },
          "line": 21
        },
        "1": {
          "name": "(anonymous_1)",
          "decl": {
            "start": { "line": 25, "column": 44 },
            "end": { "line": 25, "column": 50 }
          },
          "loc": {
            "start": { "line": 25, "column": 50 },
            "end": { "line": 30, "column": 1 }
          },
          "line": 25
        },
        "2": {
          "name": "(anonymous_2)",
          "decl": {
            "start": { "line": 27, "column": 4 },
            "end": { "line": 27, "column": 5 }
          },
          "loc": {
            "start": { "line": 27, "column": 11 },
            "end": { "line": 27, "column": null }
          },
          "line": 27
        },
        "3": {
          "name": "(anonymous_3)",
          "decl": {
            "start": { "line": 32, "column": 28 },
            "end": { "line": 32, "column": 29 }
          },
          "loc": {
            "start": { "line": 32, "column": 51 },
            "end": { "line": 43, "column": null }
          },
          "line": 32
        },
        "4": {
          "name": "(anonymous_4)",
          "decl": {
            "start": { "line": 57, "column": 13 },
            "end": { "line": 57, "column": 15 }
          },
          "loc": {
            "start": { "line": 57, "column": 15 },
            "end": { "line": 57, "column": null }
          },
          "line": 57
        },
        "5": {
          "name": "(anonymous_5)",
          "decl": {
            "start": { "line": 62, "column": 40 },
            "end": { "line": 62, "column": null }
          },
          "loc": {
            "start": { "line": 62, "column": 22 },
            "end": { "line": 66, "column": null }
          },
          "line": 62
        }
      },
      "branchMap": {
        "0": {
          "loc": {
            "start": { "line": 29, "column": 9 },
            "end": { "line": 29, "column": null }
          },
          "type": "binary-expr",
          "locations": [
            {
              "start": { "line": 29, "column": 9 },
              "end": { "line": 29, "column": 26 }
            },
            {
              "start": { "line": 29, "column": 26 },
              "end": { "line": 29, "column": null }
            }
          ],
          "line": 29
        },
        "1": {
          "loc": {
            "start": { "line": 33, "column": 2 },
            "end": { "line": 42, "column": null }
          },
          "type": "if",
          "locations": [
            {
              "start": { "line": 33, "column": 2 },
              "end": { "line": 42, "column": null }
            },
            { "start": {}, "end": {} }
          ],
          "line": 33
        },
        "2": {
          "loc": {
            "start": { "line": 47, "column": 13 },
            "end": { "line": 66, "column": null }
          },
          "type": "cond-expr",
          "locations": [
            {
              "start": { "line": 47, "column": 13 },
              "end": { "line": 66, "column": null }
            }
          ],
          "line": 47
        },
        "3": {
          "loc": {
            "start": { "line": 69, "column": 8 },
            "end": { "line": 53, "column": 12 }
          },
          "type": "binary-expr",
          "locations": [
            {
              "start": { "line": 69, "column": 8 },
              "end": { "line": 69, "column": null }
            },
            {
              "start": { "line": 69, "column": 8 },
              "end": { "line": 53, "column": 12 }
            }
          ],
          "line": 69
        },
        "4": {
          "loc": {
            "start": { "line": 57, "column": 13 },
            "end": { "line": 57, "column": null }
          },
          "type": "binary-expr",
          "locations": [
            {
              "start": { "line": 57, "column": 13 },
              "end": { "line": 57, "column": 15 }
            },
            {
              "start": { "line": 57, "column": 13 },
              "end": { "line": 57, "column": null }
            }
          ],
          "line": 57
        }
      },
      "s": {
        "0": 0,
        "1": 0,
        "2": 0,
        "3": 0,
        "4": 0,
        "5": 0,
        "6": 0,
        "7": 0,
        "8": 0,
        "9": 0,
        "10": 0,
        "11": 0,
        "12": 0,
        "13": 0,
        "14": 0,
        "15": 0,
        "16": 0
      },
      "f": { "0": 0, "1": 0, "2": 0, "3": 0, "4": 0, "5": 0 },
      "b": {
        "0": [0, 0],
        "1": [0, 0],
        "2": [0, null],
        "3": [0, 0],
        "4": [0, 0]
      },
      "meta": {
        "lastBranch": 5,
        "lastFunction": 6,
        "lastStatement": 17,
        "seen": {
          "s:18:14:18:Infinity": 0,
          "s:21:6:23:Infinity": 1,
          "f:21:37:21:43": 0,
          "s:22:2:22:Infinity": 2,
          "s:25:6:30:Infinity": 3,
          "f:25:44:25:50": 1,
          "s:26:18:28:Infinity": 4,
          "f:27:4:27:5": 2,
          "s:27:11:27:Infinity": 5,
          "s:29:2:29:Infinity": 6,
          "b:29:9:29:26:29:26:29:Infinity": 0,
          "s:32:28:43:Infinity": 7,
          "f:32:28:32:29": 3,
          "b:33:2:42:Infinity:undefined:undefined:undefined:undefined": 1,
          "s:33:2:42:Infinity": 8,
          "s:35:16:35:Infinity": 9,
          "s:36:4:36:Infinity": 10,
          "s:37:4:37:Infinity": 11,
          "s:40:17:40:Infinity": 12,
          "s:41:4:41:Infinity": 13,
          "s:47:13:66:Infinity": 14,
          "b:47:13:66:Infinity": 2,
          "b:69:8:69:Infinity:69:8:53:12": 3,
          "b:57:13:57:15:57:13:57:Infinity": 4,
          "f:57:13:57:15": 4,
          "s:57:15:57:Infinity": 15,
          "f:62:40:62:Infinity": 5,
          "s:61:6:66:Infinity": 16
        }
      }
    },
    "/Users/chrisandrikanich/Documents/Workspaces/Personal/TheRecruitingCompass/recruiting-compass-web/composables/useParentContext.ts": {
      "path": "/Users/chrisandrikanich/Documents/Workspaces/Personal/TheRecruitingCompass/recruiting-compass-web/composables/useParentContext.ts",
      "statementMap": {
        "0": {
          "start": { "line": 22, "column": 32 },
          "end": { "line": 160, "column": null }
        },
        "1": {
          "start": { "line": 23, "column": 8 },
          "end": { "line": 23, "column": null }
        },
        "2": {
          "start": { "line": 24, "column": 8 },
          "end": { "line": 24, "column": null }
        },
        "3": {
          "start": { "line": 25, "column": 8 },
          "end": { "line": 25, "column": null }
        },
        "4": {
          "start": { "line": 28, "column": 23 },
          "end": { "line": 30, "column": null }
        },
        "5": {
          "start": { "line": 29, "column": 4 },
          "end": { "line": 29, "column": null }
        },
        "6": {
          "start": { "line": 32, "column": 8 },
          "end": { "line": 32, "column": null }
        },
        "7": {
          "start": { "line": 32, "column": 34 },
          "end": { "line": 32, "column": 72 }
        },
        "8": {
          "start": { "line": 33, "column": 8 },
          "end": { "line": 33, "column": null }
        },
        "9": {
          "start": { "line": 34, "column": 8 },
          "end": { "line": 34, "column": null }
        },
        "10": {
          "start": { "line": 35, "column": 8 },
          "end": { "line": 43, "column": null }
        },
        "11": {
          "start": { "line": 37, "column": 18 },
          "end": { "line": 37, "column": null }
        },
        "12": {
          "start": { "line": 38, "column": 4 },
          "end": { "line": 41, "column": null }
        },
        "13": {
          "start": { "line": 50, "column": 21 },
          "end": { "line": 96, "column": null }
        },
        "14": {
          "start": { "line": 51, "column": 18 },
          "end": { "line": 51, "column": null }
        },
        "15": {
          "start": { "line": 52, "column": 4 },
          "end": { "line": 56, "column": null }
        },
        "16": {
          "start": { "line": 53, "column": 6 },
          "end": { "line": 53, "column": null }
        },
        "17": {
          "start": { "line": 54, "column": 6 },
          "end": { "line": 54, "column": null }
        },
        "18": {
          "start": { "line": 55, "column": 6 },
          "end": { "line": 55, "column": null }
        },
        "19": {
          "start": { "line": 61, "column": 8 },
          "end": { "line": 61, "column": null }
        },
        "20": {
          "start": { "line": 62, "column": 4 },
          "end": { "line": 64, "column": null }
        },
        "21": {
          "start": { "line": 63, "column": 34 },
          "end": { "line": 63, "column": null }
        },
        "22": {
          "start": { "line": 68, "column": 31 },
          "end": { "line": 68, "column": null }
        },
        "23": {
          "start": { "line": 70, "column": 4 },
          "end": { "line": 95, "column": null }
        },
        "24": {
          "start": { "line": 73, "column": 30 },
          "end": { "line": 73, "column": null }
        },
        "25": {
          "start": { "line": 77, "column": 6 },
          "end": { "line": 77, "column": null }
        },
        "26": {
          "start": { "line": 78, "column": 4 },
          "end": { "line": 95, "column": null }
        },
        "27": {
          "start": { "line": 80, "column": 25 },
          "end": { "line": 80, "column": null }
        },
        "28": {
          "start": { "line": 81, "column": 6 },
          "end": { "line": 91, "column": null }
        },
        "29": {
          "start": { "line": 84, "column": 32 },
          "end": { "line": 84, "column": null }
        },
        "30": {
          "start": { "line": 87, "column": 8 },
          "end": { "line": 87, "column": null }
        },
        "31": {
          "start": { "line": 88, "column": 6 },
          "end": { "line": 91, "column": null }
        },
        "32": {
          "start": { "line": 90, "column": 8 },
          "end": { "line": 90, "column": null }
        },
        "33": {
          "start": { "line": 92, "column": 4 },
          "end": { "line": 95, "column": null }
        },
        "34": {
          "start": { "line": 94, "column": 6 },
          "end": { "line": 94, "column": null }
        },
        "35": {
          "start": { "line": 101, "column": 25 },
          "end": { "line": 106, "column": null }
        },
        "36": {
          "start": { "line": 102, "column": 4 },
          "end": { "line": 102, "column": null }
        },
        "37": {
          "start": { "line": 102, "column": 25 },
          "end": { "line": 102, "column": null }
        },
        "38": {
          "start": { "line": 103, "column": 4 },
          "end": { "line": 105, "column": null }
        },
        "39": {
          "start": { "line": 104, "column": 28 },
          "end": { "line": 104, "column": null }
        },
        "40": {
          "start": { "line": 112, "column": 24 },
          "end": { "line": 126, "column": null }
        },
        "41": {
          "start": { "line": 113, "column": 4 },
          "end": { "line": 116, "column": null }
        },
        "42": {
          "start": { "line": 114, "column": 6 },
          "end": { "line": 114, "column": null }
        },
        "43": {
          "start": { "line": 115, "column": 6 },
          "end": { "line": 115, "column": null }
        },
        "44": {
          "start": { "line": 117, "column": 4 },
          "end": { "line": 117, "column": null }
        },
        "45": {
          "start": { "line": 120, "column": 4 },
          "end": { "line": 122, "column": null }
        },
        "46": {
          "start": { "line": 121, "column": 6 },
          "end": { "line": 121, "column": null }
        },
        "47": {
          "start": { "line": 125, "column": 4 },
          "end": { "line": 125, "column": null }
        },
        "48": {
          "start": { "line": 131, "column": 28 },
          "end": { "line": 136, "column": null }
        },
        "49": {
          "start": { "line": 132, "column": 4 },
          "end": { "line": 132, "column": null }
        },
        "50": {
          "start": { "line": 132, "column": 34 },
          "end": { "line": 132, "column": null }
        },
        "51": {
          "start": { "line": 133, "column": 4 },
          "end": { "line": 135, "column": null }
        },
        "52": {
          "start": { "line": 134, "column": 28 },
          "end": { "line": 134, "column": null }
        },
        "53": {
          "start": { "line": 141, "column": 28 },
          "end": { "line": 147, "column": null }
        },
        "54": {
          "start": { "line": 142, "column": 4 },
          "end": { "line": 142, "column": null }
        },
        "55": {
          "start": { "line": 142, "column": 34 },
          "end": { "line": 142, "column": null }
        },
        "56": {
          "start": { "line": 143, "column": 20 },
          "end": { "line": 143, "column": null }
        },
        "57": {
          "start": { "line": 144, "column": 4 },
          "end": { "line": 146, "column": null }
        },
        "58": {
          "start": { "line": 149, "column": 2 },
          "end": { "line": 159, "column": null }
        }
      },
      "fnMap": {
        "0": {
          "name": "(anonymous_0)",
          "decl": {
            "start": { "line": 22, "column": 32 },
            "end": { "line": 22, "column": 38 }
          },
          "loc": {
            "start": { "line": 22, "column": 38 },
            "end": { "line": 160, "column": null }
          },
          "line": 22
        },
        "1": {
          "name": "(anonymous_1)",
          "decl": {
            "start": { "line": 28, "column": 23 },
            "end": { "line": 28, "column": 29 }
          },
          "loc": {
            "start": { "line": 28, "column": 29 },
            "end": { "line": 30, "column": null }
          },
          "line": 28
        },
        "2": {
          "name": "(anonymous_2)",
          "decl": {
            "start": { "line": 32, "column": 28 },
            "end": { "line": 32, "column": 34 }
          },
          "loc": {
            "start": { "line": 32, "column": 34 },
            "end": { "line": 32, "column": 72 }
          },
          "line": 32
        },
        "3": {
          "name": "(anonymous_3)",
          "decl": {
            "start": { "line": 35, "column": 37 },
            "end": { "line": 35, "column": 43 }
          },
          "loc": {
            "start": { "line": 35, "column": 43 },
            "end": { "line": 43, "column": 3 }
          },
          "line": 35
        },
        "4": {
          "name": "(anonymous_4)",
          "decl": {
            "start": { "line": 50, "column": 21 },
            "end": { "line": 50, "column": 33 }
          },
          "loc": {
            "start": { "line": 50, "column": 33 },
            "end": { "line": 96, "column": null }
          },
          "line": 50
        },
        "5": {
          "name": "(anonymous_5)",
          "decl": {
            "start": { "line": 63, "column": 6 },
            "end": { "line": 63, "column": 7 }
          },
          "loc": {
            "start": { "line": 63, "column": 34 },
            "end": { "line": 63, "column": null }
          },
          "line": 63
        },
        "6": {
          "name": "(anonymous_6)",
          "decl": {
            "start": { "line": 73, "column": 8 },
            "end": { "line": 73, "column": 9 }
          },
          "loc": {
            "start": { "line": 73, "column": 30 },
            "end": { "line": 73, "column": null }
          },
          "line": 73
        },
        "7": {
          "name": "(anonymous_7)",
          "decl": {
            "start": { "line": 84, "column": 10 },
            "end": { "line": 84, "column": 11 }
          },
          "loc": {
            "start": { "line": 84, "column": 32 },
            "end": { "line": 84, "column": null }
          },
          "line": 84
        },
        "8": {
          "name": "(anonymous_8)",
          "decl": {
            "start": { "line": 101, "column": 25 },
            "end": { "line": 101, "column": 26 }
          },
          "loc": {
            "start": { "line": 101, "column": 57 },
            "end": { "line": 106, "column": null }
          },
          "line": 101
        },
        "9": {
          "name": "(anonymous_9)",
          "decl": {
            "start": { "line": 104, "column": 6 },
            "end": { "line": 104, "column": 7 }
          },
          "loc": {
            "start": { "line": 104, "column": 28 },
            "end": { "line": 104, "column": null }
          },
          "line": 104
        },
        "10": {
          "name": "(anonymous_10)",
          "decl": {
            "start": { "line": 112, "column": 24 },
            "end": { "line": 112, "column": 31 }
          },
          "loc": {
            "start": { "line": 112, "column": 53 },
            "end": { "line": 126, "column": null }
          },
          "line": 112
        },
        "11": {
          "name": "(anonymous_11)",
          "decl": {
            "start": { "line": 131, "column": 28 },
            "end": { "line": 131, "column": 34 }
          },
          "loc": {
            "start": { "line": 131, "column": 34 },
            "end": { "line": 136, "column": null }
          },
          "line": 131
        },
        "12": {
          "name": "(anonymous_12)",
          "decl": {
            "start": { "line": 134, "column": 6 },
            "end": { "line": 134, "column": 7 }
          },
          "loc": {
            "start": { "line": 134, "column": 28 },
            "end": { "line": 134, "column": null }
          },
          "line": 134
        },
        "13": {
          "name": "(anonymous_13)",
          "decl": {
            "start": { "line": 141, "column": 28 },
            "end": { "line": 141, "column": 42 }
          },
          "loc": {
            "start": { "line": 141, "column": 42 },
            "end": { "line": 147, "column": null }
          },
          "line": 141
        }
      },
      "branchMap": {
        "0": {
          "loc": {
            "start": { "line": 39, "column": 6 },
            "end": { "line": 41, "column": null }
          },
          "type": "binary-expr",
          "locations": [
            {
              "start": { "line": 39, "column": 6 },
              "end": { "line": 39, "column": null }
            },
            {
              "start": { "line": 40, "column": 6 },
              "end": { "line": 40, "column": null }
            },
            {
              "start": { "line": 41, "column": 6 },
              "end": { "line": 41, "column": null }
            }
          ],
          "line": 39
        },
        "1": {
          "loc": {
            "start": { "line": 52, "column": 4 },
            "end": { "line": 56, "column": null }
          },
          "type": "if",
          "locations": [
            {
              "start": { "line": 52, "column": 4 },
              "end": { "line": 56, "column": null }
            },
            { "start": {}, "end": {} }
          ],
          "line": 52
        },
        "2": {
          "loc": {
            "start": { "line": 61, "column": 8 },
            "end": { "line": 61, "column": null }
          },
          "type": "binary-expr",
          "locations": [
            {
              "start": { "line": 61, "column": 8 },
              "end": { "line": 61, "column": 67 }
            },
            {
              "start": { "line": 61, "column": 67 },
              "end": { "line": 61, "column": null }
            }
          ],
          "line": 61
        },
        "3": {
          "loc": {
            "start": { "line": 70, "column": 4 },
            "end": { "line": 95, "column": null }
          },
          "type": "if",
          "locations": [
            {
              "start": { "line": 70, "column": 4 },
              "end": { "line": 95, "column": null }
            },
            {
              "start": { "line": 78, "column": 4 },
              "end": { "line": 95, "column": null }
            }
          ],
          "line": 70
        },
        "4": {
          "loc": {
            "start": { "line": 71, "column": 6 },
            "end": { "line": 74, "column": null }
          },
          "type": "binary-expr",
          "locations": [
            {
              "start": { "line": 71, "column": 6 },
              "end": { "line": 71, "column": null }
            },
            {
              "start": { "line": 72, "column": 6 },
              "end": { "line": 74, "column": null }
            }
          ],
          "line": 71
        },
        "5": {
          "loc": {
            "start": { "line": 78, "column": 4 },
            "end": { "line": 95, "column": null }
          },
          "type": "if",
          "locations": [
            {
              "start": { "line": 78, "column": 4 },
              "end": { "line": 95, "column": null }
            },
            {
              "start": { "line": 92, "column": 4 },
              "end": { "line": 95, "column": null }
            }
          ],
          "line": 78
        },
        "6": {
          "loc": {
            "start": { "line": 81, "column": 6 },
            "end": { "line": 91, "column": null }
          },
          "type": "if",
          "locations": [
            {
              "start": { "line": 81, "column": 6 },
              "end": { "line": 91, "column": null }
            },
            {
              "start": { "line": 88, "column": 6 },
              "end": { "line": 91, "column": null }
            }
          ],
          "line": 81
        },
        "7": {
          "loc": {
            "start": { "line": 82, "column": 8 },
            "end": { "line": 85, "column": null }
          },
          "type": "binary-expr",
          "locations": [
            {
              "start": { "line": 82, "column": 8 },
              "end": { "line": 82, "column": null }
            },
            {
              "start": { "line": 83, "column": 8 },
              "end": { "line": 85, "column": null }
            }
          ],
          "line": 82
        },
        "8": {
          "loc": {
            "start": { "line": 88, "column": 6 },
            "end": { "line": 91, "column": null }
          },
          "type": "if",
          "locations": [
            {
              "start": { "line": 88, "column": 6 },
              "end": { "line": 91, "column": null }
            },
            { "start": {}, "end": {} }
          ],
          "line": 88
        },
        "9": {
          "loc": {
            "start": { "line": 92, "column": 4 },
            "end": { "line": 95, "column": null }
          },
          "type": "if",
          "locations": [
            {
              "start": { "line": 92, "column": 4 },
              "end": { "line": 95, "column": null }
            },
            { "start": {}, "end": {} }
          ],
          "line": 92
        },
        "10": {
          "loc": {
            "start": { "line": 102, "column": 4 },
            "end": { "line": 102, "column": null }
          },
          "type": "if",
          "locations": [
            {
              "start": { "line": 102, "column": 4 },
              "end": { "line": 102, "column": null }
            },
            { "start": {}, "end": {} }
          ],
          "line": 102
        },
        "11": {
          "loc": {
            "start": { "line": 113, "column": 4 },
            "end": { "line": 116, "column": null }
          },
          "type": "if",
          "locations": [
            {
              "start": { "line": 113, "column": 4 },
              "end": { "line": 116, "column": null }
            },
            { "start": {}, "end": {} }
          ],
          "line": 113
        },
        "12": {
          "loc": {
            "start": { "line": 120, "column": 4 },
            "end": { "line": 122, "column": null }
          },
          "type": "if",
          "locations": [
            {
              "start": { "line": 120, "column": 4 },
              "end": { "line": 122, "column": null }
            },
            { "start": {}, "end": {} }
          ],
          "line": 120
        },
        "13": {
          "loc": {
            "start": { "line": 132, "column": 4 },
            "end": { "line": 132, "column": null }
          },
          "type": "if",
          "locations": [
            {
              "start": { "line": 132, "column": 4 },
              "end": { "line": 132, "column": null }
            },
            { "start": {}, "end": {} }
          ],
          "line": 132
        },
        "14": {
          "loc": {
            "start": { "line": 142, "column": 4 },
            "end": { "line": 142, "column": null }
          },
          "type": "if",
          "locations": [
            {
              "start": { "line": 142, "column": 4 },
              "end": { "line": 142, "column": null }
            },
            { "start": {}, "end": {} }
          ],
          "line": 142
        },
        "15": {
          "loc": {
            "start": { "line": 144, "column": 11 },
            "end": { "line": 146, "column": null }
          },
          "type": "cond-expr",
          "locations": [
            {
              "start": { "line": 145, "column": 8 },
              "end": { "line": 145, "column": null }
            },
            {
              "start": { "line": 146, "column": 8 },
              "end": { "line": 146, "column": null }
            }
          ],
          "line": 144
        },
        "16": {
          "loc": {
            "start": { "line": 145, "column": 19 },
            "end": { "line": 145, "column": 53 }
          },
          "type": "binary-expr",
          "locations": [
            {
              "start": { "line": 145, "column": 19 },
              "end": { "line": 145, "column": 40 }
            },
            {
              "start": { "line": 145, "column": 40 },
              "end": { "line": 145, "column": 53 }
            }
          ],
          "line": 145
        }
      },
      "s": {
        "0": 1,
        "1": 21,
        "2": 21,
        "3": 21,
        "4": 21,
        "5": 42,
        "6": 21,
        "7": 21,
        "8": 21,
        "9": 21,
        "10": 21,
        "11": 21,
        "12": 21,
        "13": 21,
        "14": 0,
        "15": 0,
        "16": 0,
        "17": 0,
        "18": 0,
        "19": 0,
        "20": 0,
        "21": 0,
        "22": 0,
        "23": 0,
        "24": 0,
        "25": 0,
        "26": 0,
        "27": 0,
        "28": 0,
        "29": 0,
        "30": 0,
        "31": 0,
        "32": 0,
        "33": 0,
        "34": 0,
        "35": 21,
        "36": 0,
        "37": 0,
        "38": 0,
        "39": 0,
        "40": 21,
        "41": 0,
        "42": 0,
        "43": 0,
        "44": 0,
        "45": 0,
        "46": 0,
        "47": 0,
        "48": 21,
        "49": 0,
        "50": 0,
        "51": 0,
        "52": 0,
        "53": 21,
        "54": 0,
        "55": 0,
        "56": 0,
        "57": 0,
        "58": 21
      },
      "f": {
        "0": 21,
        "1": 42,
        "2": 21,
        "3": 21,
        "4": 0,
        "5": 0,
        "6": 0,
        "7": 0,
        "8": 0,
        "9": 0,
        "10": 0,
        "11": 0,
        "12": 0,
        "13": 0
      },
      "b": {
        "0": [21, 0, 0],
        "1": [0, 0],
        "2": [0, 0],
        "3": [0, 0],
        "4": [0, 0],
        "5": [0, 0],
        "6": [0, 0],
        "7": [0, 0],
        "8": [0, 0],
        "9": [0, 0],
        "10": [0, 0],
        "11": [0, 0],
        "12": [0, 0],
        "13": [0, 0],
        "14": [0, 0],
        "15": [0, 0],
        "16": [0, 0]
      },
      "meta": {
        "lastBranch": 17,
        "lastFunction": 14,
        "lastStatement": 59,
        "seen": {
          "s:22:32:160:Infinity": 0,
          "f:22:32:22:38": 0,
          "s:23:8:23:Infinity": 1,
          "s:24:8:24:Infinity": 2,
          "s:25:8:25:Infinity": 3,
          "s:28:23:30:Infinity": 4,
          "f:28:23:28:29": 1,
          "s:29:4:29:Infinity": 5,
          "s:32:8:32:Infinity": 6,
          "f:32:28:32:34": 2,
          "s:32:34:32:72": 7,
          "s:33:8:33:Infinity": 8,
          "s:34:8:34:Infinity": 9,
          "s:35:8:43:Infinity": 10,
          "f:35:37:35:43": 3,
          "s:37:18:37:Infinity": 11,
          "s:38:4:41:Infinity": 12,
          "b:39:6:39:Infinity:40:6:40:Infinity:41:6:41:Infinity": 0,
          "s:50:21:96:Infinity": 13,
          "f:50:21:50:33": 4,
          "s:51:18:51:Infinity": 14,
          "b:52:4:56:Infinity:undefined:undefined:undefined:undefined": 1,
          "s:52:4:56:Infinity": 15,
          "s:53:6:53:Infinity": 16,
          "s:54:6:54:Infinity": 17,
          "s:55:6:55:Infinity": 18,
          "s:61:8:61:Infinity": 19,
          "b:61:8:61:67:61:67:61:Infinity": 2,
          "s:62:4:64:Infinity": 20,
          "f:63:6:63:7": 5,
          "s:63:34:63:Infinity": 21,
          "s:68:31:68:Infinity": 22,
          "b:70:4:95:Infinity:78:4:95:Infinity": 3,
          "s:70:4:95:Infinity": 23,
          "b:71:6:71:Infinity:72:6:74:Infinity": 4,
          "f:73:8:73:9": 6,
          "s:73:30:73:Infinity": 24,
          "s:77:6:77:Infinity": 25,
          "b:78:4:95:Infinity:92:4:95:Infinity": 5,
          "s:78:4:95:Infinity": 26,
          "s:80:25:80:Infinity": 27,
          "b:81:6:91:Infinity:88:6:91:Infinity": 6,
          "s:81:6:91:Infinity": 28,
          "b:82:8:82:Infinity:83:8:85:Infinity": 7,
          "f:84:10:84:11": 7,
          "s:84:32:84:Infinity": 29,
          "s:87:8:87:Infinity": 30,
          "b:88:6:91:Infinity:undefined:undefined:undefined:undefined": 8,
          "s:88:6:91:Infinity": 31,
          "s:90:8:90:Infinity": 32,
          "b:92:4:95:Infinity:undefined:undefined:undefined:undefined": 9,
          "s:92:4:95:Infinity": 33,
          "s:94:6:94:Infinity": 34,
          "s:101:25:106:Infinity": 35,
          "f:101:25:101:26": 8,
          "b:102:4:102:Infinity:undefined:undefined:undefined:undefined": 10,
          "s:102:4:102:Infinity": 36,
          "s:102:25:102:Infinity": 37,
          "s:103:4:105:Infinity": 38,
          "f:104:6:104:7": 9,
          "s:104:28:104:Infinity": 39,
          "s:112:24:126:Infinity": 40,
          "f:112:24:112:31": 10,
          "b:113:4:116:Infinity:undefined:undefined:undefined:undefined": 11,
          "s:113:4:116:Infinity": 41,
          "s:114:6:114:Infinity": 42,
          "s:115:6:115:Infinity": 43,
          "s:117:4:117:Infinity": 44,
          "b:120:4:122:Infinity:undefined:undefined:undefined:undefined": 12,
          "s:120:4:122:Infinity": 45,
          "s:121:6:121:Infinity": 46,
          "s:125:4:125:Infinity": 47,
          "s:131:28:136:Infinity": 48,
          "f:131:28:131:34": 11,
          "b:132:4:132:Infinity:undefined:undefined:undefined:undefined": 13,
          "s:132:4:132:Infinity": 49,
          "s:132:34:132:Infinity": 50,
          "s:133:4:135:Infinity": 51,
          "f:134:6:134:7": 12,
          "s:134:28:134:Infinity": 52,
          "s:141:28:147:Infinity": 53,
          "f:141:28:141:42": 13,
          "b:142:4:142:Infinity:undefined:undefined:undefined:undefined": 14,
          "s:142:4:142:Infinity": 54,
          "s:142:34:142:Infinity": 55,
          "s:143:20:143:Infinity": 56,
          "s:144:4:146:Infinity": 57,
          "b:145:8:145:Infinity:146:8:146:Infinity": 15,
          "b:145:19:145:40:145:40:145:53": 16,
          "s:149:2:159:Infinity": 58
        }
      }
    },
    "/Users/chrisandrikanich/Documents/Workspaces/Personal/TheRecruitingCompass/recruiting-compass-web/composables/useAuth.ts": {
      "path": "/Users/chrisandrikanich/Documents/Workspaces/Personal/TheRecruitingCompass/recruiting-compass-web/composables/useAuth.ts",
      "statementMap": {
        "0": {
          "start": { "line": 43, "column": 23 },
          "end": { "line": 545, "column": null }
        },
        "1": {
          "start": { "line": 44, "column": 8 },
          "end": { "line": 44, "column": null }
        },
        "2": {
          "start": { "line": 47, "column": 8 },
          "end": { "line": 47, "column": null }
        },
        "3": {
          "start": { "line": 48, "column": 8 },
          "end": { "line": 48, "column": null }
        },
        "4": {
          "start": { "line": 49, "column": 8 },
          "end": { "line": 49, "column": null }
        },
        "5": {
          "start": { "line": 50, "column": 8 },
          "end": { "line": 50, "column": null }
        },
        "6": {
          "start": { "line": 51, "column": 8 },
          "end": { "line": 51, "column": null }
        },
        "7": {
          "start": { "line": 52, "column": 40 },
          "end": { "line": 52, "column": null }
        },
        "8": {
          "start": { "line": 59, "column": 25 },
          "end": { "line": 117, "column": null }
        },
        "9": {
          "start": { "line": 61, "column": 4 },
          "end": { "line": 66, "column": null }
        },
        "10": {
          "start": { "line": 62, "column": 6 },
          "end": { "line": 64, "column": null }
        },
        "11": {
          "start": { "line": 65, "column": 6 },
          "end": { "line": 65, "column": null }
        },
        "12": {
          "start": { "line": 69, "column": 4 },
          "end": { "line": 76, "column": null }
        },
        "13": {
          "start": { "line": 70, "column": 6 },
          "end": { "line": 70, "column": null }
        },
        "14": {
          "start": { "line": 72, "column": 6 },
          "end": { "line": 74, "column": null }
        },
        "15": {
          "start": { "line": 73, "column": 8 },
          "end": { "line": 73, "column": null }
        },
        "16": {
          "start": { "line": 73, "column": 39 },
          "end": { "line": 73, "column": 62 }
        },
        "17": {
          "start": { "line": 75, "column": 6 },
          "end": { "line": 75, "column": null }
        },
        "18": {
          "start": { "line": 78, "column": 4 },
          "end": { "line": 78, "column": null }
        },
        "19": {
          "start": { "line": 79, "column": 4 },
          "end": { "line": 79, "column": null }
        },
        "20": {
          "start": { "line": 80, "column": 4 },
          "end": { "line": 80, "column": null }
        },
        "21": {
          "start": { "line": 82, "column": 4 },
          "end": { "line": 116, "column": null }
        },
        "22": {
          "start": { "line": 86, "column": 10 },
          "end": { "line": 86, "column": null }
        },
        "23": {
          "start": { "line": 88, "column": 6 },
          "end": { "line": 90, "column": null }
        },
        "24": {
          "start": { "line": 89, "column": 8 },
          "end": { "line": 89, "column": null }
        },
        "25": {
          "start": { "line": 92, "column": 6 },
          "end": { "line": 101, "column": null }
        },
        "26": {
          "start": { "line": 93, "column": 8 },
          "end": { "line": 93, "column": null }
        },
        "27": {
          "start": { "line": 94, "column": 8 },
          "end": { "line": 94, "column": null }
        },
        "28": {
          "start": { "line": 95, "column": 8 },
          "end": { "line": 98, "column": null }
        },
        "29": {
          "start": { "line": 100, "column": 8 },
          "end": { "line": 100, "column": null }
        },
        "30": {
          "start": { "line": 103, "column": 6 },
          "end": { "line": 103, "column": null }
        },
        "31": {
          "start": { "line": 104, "column": 6 },
          "end": { "line": 104, "column": null }
        },
        "32": {
          "start": { "line": 105, "column": 6 },
          "end": { "line": 105, "column": null }
        },
        "33": {
          "start": { "line": 106, "column": 6 },
          "end": { "line": 106, "column": null }
        },
        "34": {
          "start": { "line": 109, "column": 8 },
          "end": { "line": 109, "column": null }
        },
        "35": {
          "start": { "line": 110, "column": 6 },
          "end": { "line": 110, "column": null }
        },
        "36": {
          "start": { "line": 111, "column": 6 },
          "end": { "line": 111, "column": null }
        },
        "37": {
          "start": { "line": 112, "column": 6 },
          "end": { "line": 112, "column": null }
        },
        "38": {
          "start": { "line": 114, "column": 6 },
          "end": { "line": 114, "column": null }
        },
        "39": {
          "start": { "line": 115, "column": 6 },
          "end": { "line": 115, "column": null }
        },
        "40": {
          "start": { "line": 125, "column": 16 },
          "end": { "line": 178, "column": null }
        },
        "41": {
          "start": { "line": 126, "column": 4 },
          "end": { "line": 126, "column": null }
        },
        "42": {
          "start": { "line": 127, "column": 4 },
          "end": { "line": 127, "column": null }
        },
        "43": {
          "start": { "line": 129, "column": 4 },
          "end": { "line": 177, "column": null }
        },
        "44": {
          "start": { "line": 130, "column": 27 },
          "end": { "line": 130, "column": null }
        },
        "45": {
          "start": { "line": 133, "column": 8 },
          "end": { "line": 136, "column": null }
        },
        "46": {
          "start": { "line": 138, "column": 6 },
          "end": { "line": 141, "column": null }
        },
        "47": {
          "start": { "line": 139, "column": 8 },
          "end": { "line": 139, "column": null }
        },
        "48": {
          "start": { "line": 140, "column": 8 },
          "end": { "line": 140, "column": null }
        },
        "49": {
          "start": { "line": 144, "column": 6 },
          "end": { "line": 168, "column": null }
        },
        "50": {
          "start": { "line": 145, "column": 8 },
          "end": { "line": 145, "column": null }
        },
        "51": {
          "start": { "line": 146, "column": 8 },
          "end": { "line": 149, "column": null }
        },
        "52": {
          "start": { "line": 152, "column": 8 },
          "end": { "line": 165, "column": null }
        },
        "53": {
          "start": { "line": 153, "column": 50 },
          "end": { "line": 159, "column": null }
        },
        "54": {
          "start": { "line": 160, "column": 10 },
          "end": { "line": 163, "column": null }
        },
        "55": {
          "start": { "line": 164, "column": 10 },
          "end": { "line": 164, "column": null }
        },
        "56": {
          "start": { "line": 167, "column": 8 },
          "end": { "line": 167, "column": null }
        },
        "57": {
          "start": { "line": 170, "column": 6 },
          "end": { "line": 170, "column": null }
        },
        "58": {
          "start": { "line": 172, "column": 24 },
          "end": { "line": 172, "column": null }
        },
        "59": {
          "start": { "line": 173, "column": 6 },
          "end": { "line": 173, "column": null }
        },
        "60": {
          "start": { "line": 174, "column": 6 },
          "end": { "line": 174, "column": null }
        },
        "61": {
          "start": { "line": 176, "column": 6 },
          "end": { "line": 176, "column": null }
        },
        "62": {
          "start": { "line": 183, "column": 17 },
          "end": { "line": 210, "column": null }
        },
        "63": {
          "start": { "line": 184, "column": 4 },
          "end": { "line": 184, "column": null }
        },
        "64": {
          "start": { "line": 185, "column": 4 },
          "end": { "line": 185, "column": null }
        },
        "65": {
          "start": { "line": 187, "column": 4 },
          "end": { "line": 209, "column": null }
        },
        "66": {
          "start": { "line": 188, "column": 38 },
          "end": { "line": 188, "column": null }
        },
        "67": {
          "start": { "line": 190, "column": 6 },
          "end": { "line": 192, "column": null }
        },
        "68": {
          "start": { "line": 191, "column": 8 },
          "end": { "line": 191, "column": null }
        },
        "69": {
          "start": { "line": 195, "column": 6 },
          "end": { "line": 195, "column": null }
        },
        "70": {
          "start": { "line": 196, "column": 6 },
          "end": { "line": 196, "column": null }
        },
        "71": {
          "start": { "line": 199, "column": 6 },
          "end": { "line": 202, "column": null }
        },
        "72": {
          "start": { "line": 200, "column": 8 },
          "end": { "line": 200, "column": null }
        },
        "73": {
          "start": { "line": 201, "column": 8 },
          "end": { "line": 201, "column": null }
        },
        "74": {
          "start": { "line": 204, "column": 24 },
          "end": { "line": 204, "column": null }
        },
        "75": {
          "start": { "line": 205, "column": 6 },
          "end": { "line": 205, "column": null }
        },
        "76": {
          "start": { "line": 206, "column": 6 },
          "end": { "line": 206, "column": null }
        },
        "77": {
          "start": { "line": 208, "column": 6 },
          "end": { "line": 208, "column": null }
        },
        "78": {
          "start": { "line": 215, "column": 17 },
          "end": { "line": 269, "column": null }
        },
        "79": {
          "start": { "line": 221, "column": 4 },
          "end": { "line": 221, "column": null }
        },
        "80": {
          "start": { "line": 222, "column": 4 },
          "end": { "line": 222, "column": null }
        },
        "81": {
          "start": { "line": 224, "column": 4 },
          "end": { "line": 268, "column": null }
        },
        "82": {
          "start": { "line": 225, "column": 27 },
          "end": { "line": 225, "column": null }
        },
        "83": {
          "start": { "line": 236, "column": 10 },
          "end": { "line": 239, "column": null }
        },
        "84": {
          "start": { "line": 242, "column": 6 },
          "end": { "line": 249, "column": null }
        },
        "85": {
          "start": { "line": 243, "column": 8 },
          "end": { "line": 248, "column": null }
        },
        "86": {
          "start": { "line": 252, "column": 8 },
          "end": { "line": 252, "column": null }
        },
        "87": {
          "start": { "line": 254, "column": 6 },
          "end": { "line": 257, "column": null }
        },
        "88": {
          "start": { "line": 255, "column": 8 },
          "end": { "line": 255, "column": null }
        },
        "89": {
          "start": { "line": 256, "column": 8 },
          "end": { "line": 256, "column": null }
        },
        "90": {
          "start": { "line": 261, "column": 6 },
          "end": { "line": 261, "column": null }
        },
        "91": {
          "start": { "line": 263, "column": 24 },
          "end": { "line": 263, "column": null }
        },
        "92": {
          "start": { "line": 264, "column": 6 },
          "end": { "line": 264, "column": null }
        },
        "93": {
          "start": { "line": 265, "column": 6 },
          "end": { "line": 265, "column": null }
        },
        "94": {
          "start": { "line": 267, "column": 6 },
          "end": { "line": 267, "column": null }
        },
        "95": {
          "start": { "line": 275, "column": 28 },
          "end": { "line": 293, "column": null }
        },
        "96": {
          "start": { "line": 278, "column": 8 },
          "end": { "line": 282, "column": null }
        },
        "97": {
          "start": { "line": 280, "column": 8 },
          "end": { "line": 280, "column": null }
        },
        "98": {
          "start": { "line": 284, "column": 24 },
          "end": { "line": 286, "column": null }
        },
        "99": {
          "start": { "line": 285, "column": 6 },
          "end": { "line": 285, "column": null }
        },
        "100": {
          "start": { "line": 289, "column": 4 },
          "end": { "line": 289, "column": null }
        },
        "101": {
          "start": { "line": 292, "column": 4 },
          "end": { "line": 292, "column": null }
        },
        "102": {
          "start": { "line": 297, "column": 2 },
          "end": { "line": 301, "column": null }
        },
        "103": {
          "start": { "line": 298, "column": 4 },
          "end": { "line": 300, "column": null }
        },
        "104": {
          "start": { "line": 299, "column": 6 },
          "end": { "line": 299, "column": null }
        },
        "105": {
          "start": { "line": 299, "column": 39 },
          "end": { "line": 299, "column": 46 }
        },
        "106": {
          "start": { "line": 320, "column": 23 },
          "end": { "line": 389, "column": null }
        },
        "107": {
          "start": { "line": 321, "column": 29 },
          "end": { "line": 321, "column": null }
        },
        "108": {
          "start": { "line": 322, "column": 22 },
          "end": { "line": 322, "column": null }
        },
        "109": {
          "start": { "line": 326, "column": 8 },
          "end": { "line": 326, "column": null }
        },
        "110": {
          "start": { "line": 329, "column": 8 },
          "end": { "line": 329, "column": null }
        },
        "111": {
          "start": { "line": 331, "column": 34 },
          "end": { "line": 342, "column": null }
        },
        "112": {
          "start": { "line": 345, "column": 4 },
          "end": { "line": 354, "column": null }
        },
        "113": {
          "start": { "line": 350, "column": 6 },
          "end": { "line": 352, "column": null }
        },
        "114": {
          "start": { "line": 353, "column": 6 },
          "end": { "line": 353, "column": null }
        },
        "115": {
          "start": { "line": 356, "column": 4 },
          "end": { "line": 365, "column": null }
        },
        "116": {
          "start": { "line": 361, "column": 6 },
          "end": { "line": 363, "column": null }
        },
        "117": {
          "start": { "line": 364, "column": 6 },
          "end": { "line": 364, "column": null }
        },
        "118": {
          "start": { "line": 367, "column": 4 },
          "end": { "line": 376, "column": null }
        },
        "119": {
          "start": { "line": 372, "column": 6 },
          "end": { "line": 374, "column": null }
        },
        "120": {
          "start": { "line": 375, "column": 6 },
          "end": { "line": 375, "column": null }
        },
        "121": {
          "start": { "line": 378, "column": 4 },
          "end": { "line": 381, "column": null }
        },
        "122": {
          "start": { "line": 379, "column": 6 },
          "end": { "line": 379, "column": null }
        },
        "123": {
          "start": { "line": 380, "column": 6 },
          "end": { "line": 380, "column": null }
        },
        "124": {
          "start": { "line": 383, "column": 4 },
          "end": { "line": 386, "column": null }
        },
        "125": {
          "start": { "line": 384, "column": 6 },
          "end": { "line": 384, "column": null }
        },
        "126": {
          "start": { "line": 385, "column": 6 },
          "end": { "line": 385, "column": null }
        },
        "127": {
          "start": { "line": 388, "column": 4 },
          "end": { "line": 388, "column": null }
        },
        "128": {
          "start": { "line": 391, "column": 23 },
          "end": { "line": 424, "column": null }
        },
        "129": {
          "start": { "line": 392, "column": 18 },
          "end": { "line": 392, "column": null }
        },
        "130": {
          "start": { "line": 394, "column": 4 },
          "end": { "line": 397, "column": null }
        },
        "131": {
          "start": { "line": 399, "column": 4 },
          "end": { "line": 408, "column": null }
        },
        "132": {
          "start": { "line": 410, "column": 4 },
          "end": { "line": 419, "column": null }
        },
        "133": {
          "start": { "line": 411, "column": 6 },
          "end": { "line": 414, "column": null }
        },
        "134": {
          "start": { "line": 415, "column": 6 },
          "end": { "line": 417, "column": null }
        },
        "135": {
          "start": { "line": 416, "column": 8 },
          "end": { "line": 416, "column": null }
        },
        "136": {
          "start": { "line": 418, "column": 6 },
          "end": { "line": 418, "column": null }
        },
        "137": {
          "start": { "line": 421, "column": 4 },
          "end": { "line": 421, "column": null }
        },
        "138": {
          "start": { "line": 423, "column": 4 },
          "end": { "line": 423, "column": null }
        },
        "139": {
          "start": { "line": 426, "column": 28 },
          "end": { "line": 473, "column": null }
        },
        "140": {
          "start": { "line": 433, "column": 8 },
          "end": { "line": 433, "column": null }
        },
        "141": {
          "start": { "line": 435, "column": 4 },
          "end": { "line": 440, "column": null }
        },
        "142": {
          "start": { "line": 436, "column": 6 },
          "end": { "line": 439, "column": null }
        },
        "143": {
          "start": { "line": 441, "column": 4 },
          "end": { "line": 443, "column": null }
        },
        "144": {
          "start": { "line": 442, "column": 6 },
          "end": { "line": 442, "column": null }
        },
        "145": {
          "start": { "line": 444, "column": 4 },
          "end": { "line": 449, "column": null }
        },
        "146": {
          "start": { "line": 445, "column": 6 },
          "end": { "line": 448, "column": null }
        },
        "147": {
          "start": { "line": 450, "column": 4 },
          "end": { "line": 455, "column": null }
        },
        "148": {
          "start": { "line": 451, "column": 6 },
          "end": { "line": 454, "column": null }
        },
        "149": {
          "start": { "line": 457, "column": 4 },
          "end": { "line": 463, "column": null }
        },
        "150": {
          "start": { "line": 458, "column": 6 },
          "end": { "line": 461, "column": null }
        },
        "151": {
          "start": { "line": 462, "column": 6 },
          "end": { "line": 462, "column": null }
        },
        "152": {
          "start": { "line": 465, "column": 4 },
          "end": { "line": 468, "column": null }
        },
        "153": {
          "start": { "line": 469, "column": 4 },
          "end": { "line": 469, "column": null }
        },
        "154": {
          "start": { "line": 470, "column": 4 },
          "end": { "line": 470, "column": null }
        },
        "155": {
          "start": { "line": 472, "column": 4 },
          "end": { "line": 472, "column": null }
        },
        "156": {
          "start": { "line": 475, "column": 32 },
          "end": { "line": 519, "column": null }
        },
        "157": {
          "start": { "line": 476, "column": 4 },
          "end": { "line": 479, "column": null }
        },
        "158": {
          "start": { "line": 481, "column": 25 },
          "end": { "line": 481, "column": null }
        },
        "159": {
          "start": { "line": 483, "column": 19 },
          "end": { "line": 483, "column": null }
        },
        "160": {
          "start": { "line": 484, "column": 4 },
          "end": { "line": 484, "column": null }
        },
        "161": {
          "start": { "line": 485, "column": 4 },
          "end": { "line": 485, "column": null }
        },
        "162": {
          "start": { "line": 487, "column": 4 },
          "end": { "line": 487, "column": null }
        },
        "163": {
          "start": { "line": 487, "column": 35 },
          "end": { "line": 487, "column": 59 }
        },
        "164": {
          "start": { "line": 488, "column": 19 },
          "end": { "line": 488, "column": null }
        },
        "165": {
          "start": { "line": 489, "column": 4 },
          "end": { "line": 489, "column": null }
        },
        "166": {
          "start": { "line": 490, "column": 4 },
          "end": { "line": 490, "column": null }
        },
        "167": {
          "start": { "line": 492, "column": 4 },
          "end": { "line": 492, "column": null }
        },
        "168": {
          "start": { "line": 493, "column": 19 },
          "end": { "line": 493, "column": null }
        },
        "169": {
          "start": { "line": 494, "column": 4 },
          "end": { "line": 494, "column": null }
        },
        "170": {
          "start": { "line": 495, "column": 4 },
          "end": { "line": 495, "column": null }
        },
        "171": {
          "start": { "line": 497, "column": 4 },
          "end": { "line": 497, "column": null }
        },
        "172": {
          "start": { "line": 499, "column": 6 },
          "end": { "line": 502, "column": null }
        },
        "173": {
          "start": { "line": 504, "column": 4 },
          "end": { "line": 515, "column": null }
        },
        "174": {
          "start": { "line": 505, "column": 6 },
          "end": { "line": 508, "column": null }
        },
        "175": {
          "start": { "line": 510, "column": 6 },
          "end": { "line": 513, "column": null }
        },
        "176": {
          "start": { "line": 514, "column": 6 },
          "end": { "line": 514, "column": null }
        },
        "177": {
          "start": { "line": 516, "column": 4 },
          "end": { "line": 516, "column": null }
        },
        "178": {
          "start": { "line": 518, "column": 4 },
          "end": { "line": 518, "column": null }
        },
        "179": {
          "start": { "line": 521, "column": 2 },
          "end": { "line": 544, "column": null }
        }
      },
      "fnMap": {
        "0": {
          "name": "(anonymous_0)",
          "decl": {
            "start": { "line": 43, "column": 23 },
            "end": { "line": 43, "column": 29 }
          },
          "loc": {
            "start": { "line": 43, "column": 29 },
            "end": { "line": 545, "column": null }
          },
          "line": 43
        },
        "1": {
          "name": "(anonymous_1)",
          "decl": {
            "start": { "line": 59, "column": 25 },
            "end": { "line": 59, "column": 62 }
          },
          "loc": {
            "start": { "line": 59, "column": 62 },
            "end": { "line": 117, "column": null }
          },
          "line": 59
        },
        "2": {
          "name": "(anonymous_2)",
          "decl": {
            "start": { "line": 73, "column": 26 },
            "end": { "line": 73, "column": 27 }
          },
          "loc": {
            "start": { "line": 73, "column": 39 },
            "end": { "line": 73, "column": 62 }
          },
          "line": 73
        },
        "3": {
          "name": "(anonymous_3)",
          "decl": {
            "start": { "line": 125, "column": 16 },
            "end": { "line": 125, "column": 23 }
          },
          "loc": {
            "start": { "line": 125, "column": 79 },
            "end": { "line": 178, "column": null }
          },
          "line": 125
        },
        "4": {
          "name": "(anonymous_4)",
          "decl": {
            "start": { "line": 183, "column": 17 },
            "end": { "line": 183, "column": 29 }
          },
          "loc": {
            "start": { "line": 183, "column": 29 },
            "end": { "line": 210, "column": null }
          },
          "line": 183
        },
        "5": {
          "name": "(anonymous_5)",
          "decl": {
            "start": { "line": 215, "column": 17 },
            "end": { "line": 215, "column": null }
          },
          "loc": {
            "start": { "line": 220, "column": 7 },
            "end": { "line": 269, "column": null }
          },
          "line": 220
        },
        "6": {
          "name": "(anonymous_6)",
          "decl": {
            "start": { "line": 275, "column": 28 },
            "end": { "line": 275, "column": 29 }
          },
          "loc": {
            "start": { "line": 275, "column": 71 },
            "end": { "line": 293, "column": null }
          },
          "line": 275
        },
        "7": {
          "name": "(anonymous_7)",
          "decl": {
            "start": { "line": 279, "column": 6 },
            "end": { "line": 279, "column": 7 }
          },
          "loc": {
            "start": { "line": 279, "column": 54 },
            "end": { "line": 281, "column": null }
          },
          "line": 279
        },
        "8": {
          "name": "(anonymous_8)",
          "decl": {
            "start": { "line": 284, "column": 24 },
            "end": { "line": 284, "column": 30 }
          },
          "loc": {
            "start": { "line": 284, "column": 30 },
            "end": { "line": 286, "column": null }
          },
          "line": 284
        },
        "9": {
          "name": "(anonymous_9)",
          "decl": {
            "start": { "line": 298, "column": 20 },
            "end": { "line": 298, "column": 26 }
          },
          "loc": {
            "start": { "line": 298, "column": 26 },
            "end": { "line": 300, "column": 5 }
          },
          "line": 298
        },
        "10": {
          "name": "(anonymous_10)",
          "decl": {
            "start": { "line": 299, "column": 28 },
            "end": { "line": 299, "column": 29 }
          },
          "loc": {
            "start": { "line": 299, "column": 39 },
            "end": { "line": 299, "column": 46 }
          },
          "line": 299
        },
        "11": {
          "name": "(anonymous_11)",
          "decl": {
            "start": { "line": 320, "column": 23 },
            "end": { "line": 320, "column": 60 }
          },
          "loc": {
            "start": { "line": 320, "column": 60 },
            "end": { "line": 389, "column": null }
          },
          "line": 320
        },
        "12": {
          "name": "(anonymous_12)",
          "decl": {
            "start": { "line": 391, "column": 23 },
            "end": { "line": 391, "column": 35 }
          },
          "loc": {
            "start": { "line": 391, "column": 35 },
            "end": { "line": 424, "column": null }
          },
          "line": 391
        },
        "13": {
          "name": "(anonymous_13)",
          "decl": {
            "start": { "line": 415, "column": 27 },
            "end": { "line": 415, "column": 28 }
          },
          "loc": {
            "start": { "line": 415, "column": 38 },
            "end": { "line": 417, "column": 7 }
          },
          "line": 415
        },
        "14": {
          "name": "(anonymous_14)",
          "decl": {
            "start": { "line": 426, "column": 28 },
            "end": { "line": 426, "column": null }
          },
          "loc": {
            "start": { "line": 429, "column": 7 },
            "end": { "line": 473, "column": null }
          },
          "line": 429
        },
        "15": {
          "name": "(anonymous_15)",
          "decl": {
            "start": { "line": 475, "column": 32 },
            "end": { "line": 475, "column": 44 }
          },
          "loc": {
            "start": { "line": 475, "column": 44 },
            "end": { "line": 519, "column": null }
          },
          "line": 475
        },
        "16": {
          "name": "(anonymous_16)",
          "decl": {
            "start": { "line": 487, "column": 22 },
            "end": { "line": 487, "column": 23 }
          },
          "loc": {
            "start": { "line": 487, "column": 35 },
            "end": { "line": 487, "column": 59 }
          },
          "line": 487
        }
      },
      "branchMap": {
        "0": {
          "loc": {
            "start": { "line": 61, "column": 4 },
            "end": { "line": 66, "column": null }
          },
          "type": "if",
          "locations": [
            {
              "start": { "line": 61, "column": 4 },
              "end": { "line": 66, "column": null }
            },
            { "start": {}, "end": {} }
          ],
          "line": 61
        },
        "1": {
          "loc": {
            "start": { "line": 69, "column": 4 },
            "end": { "line": 76, "column": null }
          },
          "type": "if",
          "locations": [
            {
              "start": { "line": 69, "column": 4 },
              "end": { "line": 76, "column": null }
            },
            { "start": {}, "end": {} }
          ],
          "line": 69
        },
        "2": {
          "loc": {
            "start": { "line": 72, "column": 13 },
            "end": { "line": 72, "column": 66 }
          },
          "type": "binary-expr",
          "locations": [
            {
              "start": { "line": 72, "column": 13 },
              "end": { "line": 72, "column": 44 }
            },
            {
              "start": { "line": 72, "column": 44 },
              "end": { "line": 72, "column": 66 }
            }
          ],
          "line": 72
        },
        "3": {
          "loc": {
            "start": { "line": 88, "column": 6 },
[...]
          "locations": [
            {
              "start": { "line": 565, "column": 44 },
              "end": { "line": 586, "column": 34 }
            },
            {
              "start": { "line": 586, "column": 29 },
              "end": { "line": 600, "column": null }
            }
          ],
          "line": 565
        },
        "78": {
          "loc": {
            "start": { "line": 584, "column": 22 },
            "end": { "line": 570, "column": 23 }
          },
          "type": "binary-expr",
          "locations": [
            {
              "start": { "line": 584, "column": 22 },
              "end": { "line": 584, "column": null }
            },
            {
              "start": { "line": 584, "column": 22 },
              "end": { "line": 570, "column": 23 }
            }
          ],
          "line": 584
        },
        "79": {
          "loc": {
            "start": { "line": 570, "column": 18 },
            "end": { "line": 573, "column": 22 }
          },
          "type": "binary-expr",
          "locations": [
            {
              "start": { "line": 570, "column": 18 },
              "end": { "line": 570, "column": 23 }
            },
            {
              "start": { "line": 570, "column": 18 },
              "end": { "line": 573, "column": 22 }
            }
          ],
          "line": 570
        },
        "80": {
          "loc": {
            "start": { "line": 586, "column": 29 },
            "end": { "line": 600, "column": null }
          },
          "type": "cond-expr",
          "locations": [
            {
              "start": { "line": 586, "column": 34 },
              "end": { "line": 600, "column": null }
            }
          ],
          "line": 586
        },
        "81": {
          "loc": {
            "start": { "line": 603, "column": 22 },
            "end": { "line": 591, "column": 23 }
          },
          "type": "binary-expr",
          "locations": [
            {
              "start": { "line": 603, "column": 22 },
              "end": { "line": 603, "column": null }
            },
            {
              "start": { "line": 603, "column": 22 },
              "end": { "line": 591, "column": 23 }
            }
          ],
          "line": 603
        },
        "82": {
          "loc": {
            "start": { "line": 591, "column": 18 },
            "end": { "line": 594, "column": 22 }
          },
          "type": "binary-expr",
          "locations": [
            {
              "start": { "line": 591, "column": 18 },
              "end": { "line": 591, "column": 23 }
            },
            {
              "start": { "line": 591, "column": 18 },
              "end": { "line": 594, "column": 22 }
            }
          ],
          "line": 591
        }
      },
      "s": {
        "0": 21,
        "1": 21,
        "2": 21,
        "3": 0,
        "4": 0,
        "5": 21,
        "6": 21,
        "7": 21,
        "8": 21,
        "9": 21,
        "10": 21,
        "11": 21,
        "12": 21,
        "13": 21,
        "14": 21,
        "15": 21,
        "16": 21,
        "17": 0,
        "18": 0,
        "19": 0,
        "20": 0,
        "21": 0,
        "22": 0,
        "23": 0,
        "24": 0,
        "25": 21,
        "26": 1,
        "27": 1,
        "28": 1,
        "29": 0,
        "30": 0,
        "31": 21,
        "32": 21,
        "33": 21,
        "34": 21,
        "35": 0,
        "36": 21,
        "37": 0,
        "38": 0,
        "39": 21,
        "40": 0,
        "41": 0,
        "42": 0,
        "43": 0,
        "44": 0,
        "45": 0,
        "46": 0,
        "47": 0,
        "48": 0,
        "49": 21,
        "50": 0,
        "51": 0,
        "52": 0,
        "53": 0,
        "54": 0,
        "55": 0,
        "56": 0,
        "57": 0,
        "58": 0,
        "59": 0,
        "60": 0,
        "61": 0,
        "62": 21,
        "63": 0,
        "64": 0,
        "65": 0,
        "66": 0,
        "67": 0,
        "68": 0,
        "69": 0,
        "70": 0,
        "71": 0,
        "72": 0,
        "73": 0,
        "74": 0,
        "75": 0,
        "76": 0,
        "77": 0,
        "78": 0,
        "79": 0,
        "80": 0,
        "81": 0,
        "82": 0,
        "83": 0,
        "84": 0,
        "85": 0,
        "86": 0,
        "87": 0,
        "88": 0,
        "89": 21,
        "90": 0,
        "91": 21,
        "92": 0,
        "93": 21,
        "94": 21,
        "95": 21,
        "96": 0,
        "97": 21,
        "98": 0,
        "99": 21,
        "100": 0,
        "101": 0,
        "102": 0,
        "103": 0,
        "104": 0,
        "105": 0,
        "106": 0,
        "107": 0,
        "108": 0,
        "109": 0,
        "110": 0,
        "111": 0,
        "112": 0,
        "113": 0,
        "114": 0,
        "115": 21,
        "116": 1,
        "117": 21,
        "118": 0,
        "119": 1,
        "120": 1,
        "121": 1,
        "122": 1,
        "123": 1,
        "124": 1,
        "125": 1,
        "126": 1,
        "127": 1,
        "128": 1,
        "129": 1,
        "130": 1,
        "131": 1,
        "132": 1,
        "133": 1,
        "134": 1,
        "135": 1,
        "136": 1,
        "137": 1,
        "138": 1,
        "139": 1,
        "140": 1,
        "141": 1,
        "142": 1,
        "143": 1,
        "144": 63,
        "145": 1,
        "146": 0,
        "147": 21,
        "148": 105,
        "149": 0,
        "150": 0,
        "151": 0,
        "152": 0,
        "153": 0,
        "154": 0
      },
      "f": {
        "0": 0,
        "1": 0,
        "2": 21,
        "3": 1,
        "4": 21,
        "5": 21,
        "6": 0,
        "7": 0,
        "8": 0,
        "9": 0,
        "10": 0,
        "11": 0,
        "12": 0,
        "13": 0,
        "14": 0,
        "15": 0,
        "16": 0,
        "17": 0,
        "18": 0,
        "19": 0,
        "20": 21,
        "21": 0,
        "22": 1,
        "23": 0,
        "24": 1,
        "25": 0,
        "26": 21,
        "27": 105,
        "28": 0,
        "29": 0,
        "30": 0,
        "31": 0,
        "32": 0,
        "33": 0
      },
      "b": {
        "0": [0, 0],
        "1": [21, 21],
        "2": [21, 0],
        "3": [0, 0],
        "4": [0, 0],
        "5": [0, 0],
        "6": [1, 1],
        "7": [1, 0],
        "8": [0, 21],
        "9": [0, 21],
        "10": [0, 0],
        "11": [0, 0],
        "12": [0, 0],
        "13": [0, 0],
        "14": [0, 0],
        "15": [0, 0, 0],
        "16": [0, 0],
        "17": [0, 0],
        "18": [0, 0],
        "19": [0, 0],
        "20": [0, 0],
        "21": [0, 0],
        "22": [0, 0],
        "23": [0, 0],
        "24": [0, 0],
        "25": [0, 0],
        "26": [0, 0],
        "27": [0, 0],
        "28": [0, 0],
        "29": [0, 0],
        "30": [0, 0],
        "31": [0, 0],
        "32": [0, 0],
        "33": [0, 21],
        "34": [0, 0],
        "35": [0, 21],
        "36": [0, 0],
        "37": [0, 0],
        "38": [0, 0],
        "39": [0, 0],
        "40": [0, 0],
        "41": [0, null],
        "42": [0, 63],
        "43": [0, 63],
        "44": [0, null],
        "45": [63, 0],
        "46": [0, 0, 0],
        "47": [0, 63],
        "48": [63, 21],
        "49": [63, 21],
        "50": [63, 21],
        "51": [63, 21],
        "52": [63, null],
        "53": [0, 21],
        "54": [0, 0],
        "55": [21, 42],
        "56": [21, 21],
        "57": [21, 0],
        "58": [21, 21],
        "59": [0, 0],
        "60": [0, 0],
        "61": [0, 0],
        "62": [0, 0],
        "63": [0, 0],
        "64": [0, 0],
        "65": [0, 0],
        "66": [0, 0],
        "67": [0, 0],
        "68": [0, 0],
        "69": [0, 0],
        "70": [0, 0],
        "71": [0, 0],
        "72": [0, null],
        "73": [0, 0],
        "74": [0, 0],
        "75": [0, 0],
        "76": [0, 0],
        "77": [0, 0],
        "78": [0, 0],
        "79": [0, 0],
        "80": [0, null],
        "81": [0, 0],
        "82": [0, 0]
      },
      "meta": {
        "lastBranch": 83,
        "lastFunction": 34,
        "lastStatement": 155,
        "seen": {
          "s:11:16:11:Infinity": 0,
          "s:16:0:16:Infinity": 1,
          "s:19:6:26:Infinity": 2,
          "f:19:32:19:Infinity": 0,
          "s:20:2:25:Infinity": 3,
          "f:21:4:21:5": 1,
          "s:21:56:24:Infinity": 4,
          "b:23:12:23:33:23:33:23:Infinity": 0,
          "s:36:0:36:Infinity": 5,
          "s:38:6:38:Infinity": 6,
          "s:39:6:42:Infinity": 7,
          "s:43:6:43:Infinity": 8,
          "s:44:6:44:Infinity": 9,
          "s:45:6:45:Infinity": 10,
          "s:48:6:50:Infinity": 11,
          "s:51:6:51:Infinity": 12,
          "s:54:20:69:Infinity": 13,
          "f:54:20:54:26": 2,
          "s:55:20:55:Infinity": 14,
          "b:55:20:55:46:55:46:55:Infinity": 1,
          "b:56:2:56:Infinity:undefined:undefined:undefined:undefined": 2,
          "s:56:2:56:Infinity": 15,
          "s:56:18:56:Infinity": 16,
          "s:58:21:58:Infinity": 17,
          "s:59:17:59:Infinity": 18,
          "b:60:2:68:Infinity:undefined:undefined:undefined:undefined": 3,
          "s:60:2:68:Infinity": 19,
          "s:61:4:67:Infinity": 20,
          "s:62:22:62:Infinity": 21,
          "s:63:6:63:Infinity": 22,
          "b:63:27:63:51:63:51:63:Infinity": 4,
          "s:64:6:64:Infinity": 23,
          "b:64:28:64:53:64:53:64:Infinity": 5,
          "s:66:6:66:Infinity": 24,
          "s:72:20:84:Infinity": 25,
          "f:72:20:72:26": 3,
          "s:73:20:73:Infinity": 26,
          "b:73:20:73:46:73:46:73:Infinity": 6,
          "b:74:2:74:Infinity:undefined:undefined:undefined:undefined": 7,
          "s:74:2:74:Infinity": 27,
          "s:74:18:74:Infinity": 28,
          "s:76:21:76:Infinity": 29,
          "s:77:2:83:Infinity": 30,
          "s:86:6:86:Infinity": 31,
          "f:86:23:86:29": 4,
          "s:86:29:86:72": 32,
          "s:88:6:148:Infinity": 33,
          "f:88:31:88:37": 5,
          "s:89:14:91:Infinity": 34,
          "f:90:4:90:5": 6,
          "s:90:11:90:Infinity": 35,
          "b:94:2:96:Infinity:undefined:undefined:undefined:undefined": 8,
          "s:94:2:96:Infinity": 36,
          "s:95:4:95:Infinity": 37,
          "f:95:25:95:26": 7,
          "s:95:32:95:77": 38,
          "b:99:2:115:Infinity:undefined:undefined:undefined:undefined": 9,
          "s:99:2:115:Infinity": 39,
          "s:100:4:114:Infinity": 40,
          "f:100:25:100:26": 8,
          "s:101:12:101:Infinity": 41,
          "b:102:6:112:Infinity:104:6:112:Infinity": 10,
          "s:102:6:112:Infinity": 42,
          "s:103:8:103:Infinity": 43,
          "b:103:15:103:46:103:46:103:Infinity": 11,
          "b:104:6:112:Infinity:106:6:112:Infinity": 12,
          "s:104:6:112:Infinity": 44,
          "s:105:8:105:Infinity": 45,
          "b:105:15:105:44:105:44:105:Infinity": 13,
          "b:106:6:112:Infinity:undefined:undefined:undefined:undefined": 14,
          "s:106:6:112:Infinity": 46,
          "s:107:8:110:Infinity": 47,
          "b:108:10:108:Infinity:109:10:109:Infinity:110:10:110:Infinity": 15,
          "s:113:6:113:Infinity": 48,
          "s:118:2:147:Infinity": 49,
          "f:118:20:118:21": 9,
          "b:119:4:121:Infinity:undefined:undefined:undefined:undefined": 16,
          "s:119:4:121:Infinity": 50,
          "s:120:6:120:Infinity": 51,
          "b:120:26:120:31:120:31:120:Infinity": 17,
          "s:123:10:123:Infinity": 52,
          "s:124:10:124:Infinity": 53,
          "s:126:25:132:Infinity": 54,
          "s:133:25:133:Infinity": 55,
          "b:133:25:133:56:133:56:133:Infinity": 18,
          "s:134:25:134:Infinity": 56,
          "b:134:25:134:56:134:56:134:Infinity": 19,
          "b:136:4:138:Infinity:undefined:undefined:undefined:undefined": 20,
          "s:136:4:138:Infinity": 57,
          "s:137:6:137:Infinity": 58,
          "b:141:4:143:Infinity:undefined:undefined:undefined:undefined": 21,
          "s:141:4:143:Infinity": 59,
          "b:141:8:141:40:141:40:141:70": 22,
          "s:142:6:142:Infinity": 60,
          "s:146:4:146:Infinity": 61,
          "s:150:25:199:Infinity": 62,
          "f:150:25:150:32": 10,
          "b:151:2:151:Infinity:undefined:undefined:undefined:undefined": 23,
          "s:151:2:151:Infinity": 63,
          "s:151:31:151:Infinity": 64,
          "s:153:20:153:Infinity": 65,
          "b:153:52:153:68:153:68:153:Infinity": 24,
          "b:156:2:178:Infinity:undefined:undefined:undefined:undefined": 25,
          "s:156:2:178:Infinity": 66,
          "b:156:6:156:35:156:35:156:57": 26,
          "s:157:17:157:Infinity": 67,
          "f:157:44:157:45": 11,
          "s:157:51:157:66": 68,
          "s:158:10:170:Infinity": 69,
          "b:158:30:158:59:158:59:158:Infinity": 27,
          "f:159:11:159:12": 12,
          "s:160:24:160:Infinity": 70,
          "f:160:51:160:52": 13,
          "s:160:58:160:72": 71,
          "s:161:31:163:Infinity": 72,
          "f:162:10:162:11": 14,
          "s:162:17:162:Infinity": 73,
          "s:164:8:167:Infinity": 74,
          "b:165:17:165:35:165:35:165:Infinity": 28,
          "f:169:14:169:15": 15,
          "s:169:23:169:38": 75,
          "f:170:11:170:12": 16,
          "s:170:20:170:29": 76,
          "b:172:4:177:Infinity:undefined:undefined:undefined:undefined": 29,
          "s:172:4:177:Infinity": 77,
          "s:173:6:175:Infinity": 78,
          "s:176:6:176:Infinity": 79,
          "s:180:2:198:Infinity": 80,
          "s:181:4:181:Infinity": 81,
          "b:183:4:188:Infinity:undefined:undefined:undefined:undefined": 30,
          "s:183:4:188:Infinity": 82,
          "s:184:6:184:Infinity": 83,
          "s:185:6:187:Infinity": 84,
          "f:185:17:185:23": 17,
          "s:186:8:186:Infinity": 85,
          "s:191:4:191:Infinity": 86,
          "s:193:4:193:Infinity": 87,
          "s:194:4:197:Infinity": 88,
          "b:196:32:196:46:196:46:196:Infinity": 31,
          "s:201:26:203:Infinity": 89,
          "f:201:26:201:27": 18,
          "s:202:2:202:Infinity": 90,
          "b:202:59:202:66:202:66:202:Infinity": 32,
          "s:205:28:208:Infinity": 91,
          "f:205:28:205:29": 19,
          "s:206:2:206:Infinity": 92,
          "s:210:0:254:Infinity": 93,
          "f:210:10:210:22": 20,
          "s:211:2:211:Infinity": 94,
          "b:214:2:218:Infinity:undefined:undefined:undefined:undefined": 33,
          "s:214:2:218:Infinity": 95,
          "s:215:4:217:Infinity": 96,
          "s:220:2:220:Infinity": 97,
          "s:223:20:223:Infinity": 98,
          "b:223:20:223:46:223:46:223:Infinity": 34,
          "b:224:2:234:Infinity:undefined:undefined:undefined:undefined": 35,
          "s:224:2:234:Infinity": 99,
          "s:225:23:225:Infinity": 100,
          "s:226:19:226:Infinity": 101,
          "b:227:4:233:Infinity:undefined:undefined:undefined:undefined": 36,
          "s:227:4:233:Infinity": 102,
          "s:228:6:232:Infinity": 103,
          "s:229:8:229:Infinity": 104,
          "s:231:8:231:Infinity": 105,
          "s:237:32:239:Infinity": 106,
          "f:238:4:238:5": 21,
          "s:238:16:238:Infinity": 107,
          "b:240:2:253:Infinity:undefined:undefined:undefined:undefined": 37,
          "s:240:2:253:Infinity": 108,
          "b:240:6:240:31:240:31:240:54": 38,
          "s:241:4:241:Infinity": 109,
          "s:242:4:242:Infinity": 110,
          "s:245:22:245:Infinity": 111,
          "b:245:22:245:48:245:48:245:Infinity": 39,
          "b:246:4:252:Infinity:undefined:undefined:undefined:undefined": 40,
          "s:246:4:252:Infinity": 112,
          "s:247:25:247:Infinity": 113,
          "s:248:6:251:Infinity": 114,
          "s:257:29:259:Infinity": 115,
          "f:257:29:257:35": 22,
          "s:258:2:258:Infinity": 116,
          "s:261:30:263:Infinity": 117,
          "f:261:30:261:36": 23,
          "s:262:2:262:Infinity": 118,
          "s:268:4:268:Infinity": 119,
          "s:272:11:272:Infinity": 120,
          "s:273:11:273:53": 121,
          "s:281:6:281:Infinity": 122,
          "s:283:11:283:Infinity": 123,
          "s:284:12:284:Infinity": 124,
          "s:291:11:291:Infinity": 125,
          "s:314:9:314:Infinity": 126,
          "s:316:8:316:Infinity": 127,
          "s:318:13:318:Infinity": 128,
          "s:327:13:327:Infinity": 129,
          "s:336:11:336:Infinity": 130,
          "s:337:13:337:Infinity": 131,
          "s:404:10:404:Infinity": 132,
          "s:417:8:417:Infinity": 133,
          "s:419:11:419:35": 134,
          "s:433:18:433:Infinity": 135,
          "s:440:15:440:Infinity": 136,
          "s:441:17:441:Infinity": 137,
          "s:471:19:471:Infinity": 138,
          "s:478:23:478:Infinity": 139,
          "s:554:21:554:Infinity": 140,
          "s:562:21:562:55": 141,
          "s:575:20:575:Infinity": 142,
          "s:595:22:595:Infinity": 143,
          "s:267:2:600:Infinity": 144,
          "b:271:15:275:12": 41,
          "b:286:12:286:Infinity:286:74:286:Infinity": 42,
          "b:293:12:293:Infinity:293:12:293:Infinity": 43,
          "b:303:54:309:Infinity": 44,
          "b:303:12:303:33:303:33:303:Infinity": 45,
          "b:308:29:308:49:308:49:308:66:308:66:308:Infinity": 46,
          "b:320:29:320:Infinity:320:60:320:Infinity": 47,
          "b:358:16:358:Infinity:358:16:345:20": 48,
          "b:347:17:347:Infinity:347:17:348:Infinity": 49,
          "f:347:17:347:Infinity": 24,
          "s:348:23:348:Infinity": 145,
          "b:380:16:380:Infinity:380:16:367:20": 50,
          "b:369:17:369:Infinity:369:17:370:Infinity": 51,
          "f:369:17:369:Infinity": 25,
          "s:370:23:370:Infinity": 146,
          "b:386:15:398:67": 52,
          "f:394:8:394:Infinity": 26,
          "s:399:14:398:67": 147,
          "b:395:16:398:67:398:63:398:67": 53,
          "b:399:14:399:Infinity:399:14:398:67": 54,
          "b:406:17:416:Infinity:416:19:600:Infinity": 55,
          "f:408:23:408:Infinity": 27,
          "s:407:8:410:Infinity": 148,
          "b:416:19:424:33:424:19:600:Infinity": 56,
          "b:424:39:433:18:433:6:600:Infinity": 57,
          "b:422:6:422:Infinity:422:6:429:12": 58,
          "f:435:38:435:Infinity": 28,
          "s:434:8:600:Infinity": 149,
          "b:455:155:455:Infinity:455:155:455:Infinity": 59,
          "b:455:114:455:135:455:135:455:Infinity": 60,
          "b:448:27:448:48:448:48:448:Infinity": 61,
          "f:449:23:449:44": 29,
          "s:449:44:449:Infinity": 150,
          "b:449:111:449:136:449:136:449:Infinity": 62,
          "b:461:43:461:160:461:160:461:Infinity": 63,
          "b:461:180:461:Infinity:461:180:461:Infinity": 64,
          "f:475:24:475:26": 30,
          "s:475:26:475:Infinity": 151,
          "b:481:166:481:217:481:217:481:341": 65,
          "b:493:48:497:27:497:20:497:27": 66,
          "b:499:33:503:27:503:20:503:27": 67,
          "b:506:31:509:Infinity:509:39:509:Infinity": 68,
          "b:517:234:517:365:517:365:517:Infinity": 69,
          "b:528:43:528:116:528:116:528:Infinity": 70,
          "b:528:141:528:Infinity:528:141:528:Infinity": 71,
          "f:546:14:546:Infinity": 31,
          "s:604:20:600:Infinity": 152,
          "b:547:46:600:Infinity": 72,
          "b:550:32:555:Infinity:555:42:555:Infinity": 73,
          "b:557:22:557:Infinity:557:22:553:23": 74,
          "b:558:32:562:79:562:72:562:79": 75,
          "b:563:22:563:Infinity:563:22:561:23": 76,
          "b:565:44:586:34:586:29:600:Infinity": 77,
          "b:584:22:584:Infinity:584:22:570:23": 78,
          "b:570:18:570:23:570:18:573:22": 79,
          "f:578:62:578:Infinity": 32,
          "s:577:20:581:Infinity": 153,
          "b:586:34:600:Infinity": 80,
          "b:603:22:603:Infinity:603:22:591:23": 81,
          "b:591:18:591:23:591:18:594:22": 82,
          "f:597:62:597:Infinity": 33,
          "s:596:20:600:Infinity": 154
        }
      }
    }
  }
}
